2023-06-01 21:12:49,557 [Worker-6: Loading available Gradle versions] INFO  o.e.b.c.i.u.g.PublishedGradleVersions - Gradle version information cache is out-of-date. Trying to update.
2023-06-01 21:17:20,446 [Worker-40: Launching mavenrun-2fd44f56-d33b-418b-9e36-2268a34a90e7] INFO  o.eclipse.m2e.core.internal.Bundles - getClasspathEntries(Bundle=org.eclipse.m2e.maven.runtime_3.8.701.20230209-1606 [271])
2023-06-01 21:17:20,451 [Worker-40: Launching mavenrun-2fd44f56-d33b-418b-9e36-2268a34a90e7] INFO  o.eclipse.m2e.core.internal.Bundles - 	Entry: C:\Users\User\.p2\pool\plugins\org.eclipse.m2e.maven.runtime_3.8.701.20230209-1606
2023-06-01 21:17:20,451 [Worker-40: Launching mavenrun-2fd44f56-d33b-418b-9e36-2268a34a90e7] INFO  o.eclipse.m2e.core.internal.Bundles - 	Entry: C:\Users\User\.p2\pool\plugins\org.eclipse.m2e.maven.runtime_3.8.701.20230209-1606\jars\aether-connector-okhttp-0.17.8.jar
2023-06-01 21:17:20,451 [Worker-40: Launching mavenrun-2fd44f56-d33b-418b-9e36-2268a34a90e7] INFO  o.eclipse.m2e.core.internal.Bundles - 	Entry: C:\Users\User\.p2\pool\plugins\org.eclipse.m2e.maven.runtime_3.8.701.20230209-1606\jars\commons-lang3-3.8.1.jar
2023-06-01 21:17:20,451 [Worker-40: Launching mavenrun-2fd44f56-d33b-418b-9e36-2268a34a90e7] INFO  o.eclipse.m2e.core.internal.Bundles - 	Entry: C:\Users\User\.p2\pool\plugins\org.eclipse.m2e.maven.runtime_3.8.701.20230209-1606\jars\guice-4.2.2-no_aop.jar
2023-06-01 21:17:20,452 [Worker-40: Launching mavenrun-2fd44f56-d33b-418b-9e36-2268a34a90e7] INFO  o.eclipse.m2e.core.internal.Bundles - 	Entry: C:\Users\User\.p2\pool\plugins\org.eclipse.m2e.maven.runtime_3.8.701.20230209-1606\jars\jansi-2.4.0.jar
2023-06-01 21:17:20,452 [Worker-40: Launching mavenrun-2fd44f56-d33b-418b-9e36-2268a34a90e7] INFO  o.eclipse.m2e.core.internal.Bundles - 	Entry: C:\Users\User\.p2\pool\plugins\org.eclipse.m2e.maven.runtime_3.8.701.20230209-1606\jars\maven-artifact-3.8.7.jar
2023-06-01 21:17:20,452 [Worker-40: Launching mavenrun-2fd44f56-d33b-418b-9e36-2268a34a90e7] INFO  o.eclipse.m2e.core.internal.Bundles - 	Entry: C:\Users\User\.p2\pool\plugins\org.eclipse.m2e.maven.runtime_3.8.701.20230209-1606\jars\maven-builder-support-3.8.7.jar
2023-06-01 21:17:20,452 [Worker-40: Launching mavenrun-2fd44f56-d33b-418b-9e36-2268a34a90e7] INFO  o.eclipse.m2e.core.internal.Bundles - 	Entry: C:\Users\User\.p2\pool\plugins\org.eclipse.m2e.maven.runtime_3.8.701.20230209-1606\jars\maven-compat-3.8.7.jar
2023-06-01 21:17:20,452 [Worker-40: Launching mavenrun-2fd44f56-d33b-418b-9e36-2268a34a90e7] INFO  o.eclipse.m2e.core.internal.Bundles - 	Entry: C:\Users\User\.p2\pool\plugins\org.eclipse.m2e.maven.runtime_3.8.701.20230209-1606\jars\maven-core-3.8.7.jar
2023-06-01 21:17:20,452 [Worker-40: Launching mavenrun-2fd44f56-d33b-418b-9e36-2268a34a90e7] INFO  o.eclipse.m2e.core.internal.Bundles - 	Entry: C:\Users\User\.p2\pool\plugins\org.eclipse.m2e.maven.runtime_3.8.701.20230209-1606\jars\maven-embedder-3.8.7.jar
2023-06-01 21:17:20,452 [Worker-40: Launching mavenrun-2fd44f56-d33b-418b-9e36-2268a34a90e7] INFO  o.eclipse.m2e.core.internal.Bundles - 	Entry: C:\Users\User\.p2\pool\plugins\org.eclipse.m2e.maven.runtime_3.8.701.20230209-1606\jars\maven-model-3.8.7.jar
2023-06-01 21:17:20,452 [Worker-40: Launching mavenrun-2fd44f56-d33b-418b-9e36-2268a34a90e7] INFO  o.eclipse.m2e.core.internal.Bundles - 	Entry: C:\Users\User\.p2\pool\plugins\org.eclipse.m2e.maven.runtime_3.8.701.20230209-1606\jars\maven-model-builder-3.8.7.jar
2023-06-01 21:17:20,453 [Worker-40: Launching mavenrun-2fd44f56-d33b-418b-9e36-2268a34a90e7] INFO  o.eclipse.m2e.core.internal.Bundles - 	Entry: C:\Users\User\.p2\pool\plugins\org.eclipse.m2e.maven.runtime_3.8.701.20230209-1606\jars\maven-plugin-api-3.8.7.jar
2023-06-01 21:17:20,453 [Worker-40: Launching mavenrun-2fd44f56-d33b-418b-9e36-2268a34a90e7] INFO  o.eclipse.m2e.core.internal.Bundles - 	Entry: C:\Users\User\.p2\pool\plugins\org.eclipse.m2e.maven.runtime_3.8.701.20230209-1606\jars\maven-repository-metadata-3.8.7.jar
2023-06-01 21:17:20,453 [Worker-40: Launching mavenrun-2fd44f56-d33b-418b-9e36-2268a34a90e7] INFO  o.eclipse.m2e.core.internal.Bundles - 	Entry: C:\Users\User\.p2\pool\plugins\org.eclipse.m2e.maven.runtime_3.8.701.20230209-1606\jars\maven-resolver-api-1.6.3.jar
2023-06-01 21:17:20,453 [Worker-40: Launching mavenrun-2fd44f56-d33b-418b-9e36-2268a34a90e7] INFO  o.eclipse.m2e.core.internal.Bundles - 	Entry: C:\Users\User\.p2\pool\plugins\org.eclipse.m2e.maven.runtime_3.8.701.20230209-1606\jars\maven-resolver-connector-basic-1.6.3.jar
2023-06-01 21:17:20,453 [Worker-40: Launching mavenrun-2fd44f56-d33b-418b-9e36-2268a34a90e7] INFO  o.eclipse.m2e.core.internal.Bundles - 	Entry: C:\Users\User\.p2\pool\plugins\org.eclipse.m2e.maven.runtime_3.8.701.20230209-1606\jars\maven-resolver-impl-1.6.3.jar
2023-06-01 21:17:20,453 [Worker-40: Launching mavenrun-2fd44f56-d33b-418b-9e36-2268a34a90e7] INFO  o.eclipse.m2e.core.internal.Bundles - 	Entry: C:\Users\User\.p2\pool\plugins\org.eclipse.m2e.maven.runtime_3.8.701.20230209-1606\jars\maven-resolver-provider-3.8.7.jar
2023-06-01 21:17:20,453 [Worker-40: Launching mavenrun-2fd44f56-d33b-418b-9e36-2268a34a90e7] INFO  o.eclipse.m2e.core.internal.Bundles - 	Entry: C:\Users\User\.p2\pool\plugins\org.eclipse.m2e.maven.runtime_3.8.701.20230209-1606\jars\maven-resolver-spi-1.6.3.jar
2023-06-01 21:17:20,454 [Worker-40: Launching mavenrun-2fd44f56-d33b-418b-9e36-2268a34a90e7] INFO  o.eclipse.m2e.core.internal.Bundles - 	Entry: C:\Users\User\.p2\pool\plugins\org.eclipse.m2e.maven.runtime_3.8.701.20230209-1606\jars\maven-resolver-transport-wagon-1.6.3.jar
2023-06-01 21:17:20,454 [Worker-40: Launching mavenrun-2fd44f56-d33b-418b-9e36-2268a34a90e7] INFO  o.eclipse.m2e.core.internal.Bundles - 	Entry: C:\Users\User\.p2\pool\plugins\org.eclipse.m2e.maven.runtime_3.8.701.20230209-1606\jars\maven-resolver-util-1.6.3.jar
2023-06-01 21:17:20,454 [Worker-40: Launching mavenrun-2fd44f56-d33b-418b-9e36-2268a34a90e7] INFO  o.eclipse.m2e.core.internal.Bundles - 	Entry: C:\Users\User\.p2\pool\plugins\org.eclipse.m2e.maven.runtime_3.8.701.20230209-1606\jars\maven-settings-3.8.7.jar
2023-06-01 21:17:20,454 [Worker-40: Launching mavenrun-2fd44f56-d33b-418b-9e36-2268a34a90e7] INFO  o.eclipse.m2e.core.internal.Bundles - 	Entry: C:\Users\User\.p2\pool\plugins\org.eclipse.m2e.maven.runtime_3.8.701.20230209-1606\jars\maven-settings-builder-3.8.7.jar
2023-06-01 21:17:20,454 [Worker-40: Launching mavenrun-2fd44f56-d33b-418b-9e36-2268a34a90e7] INFO  o.eclipse.m2e.core.internal.Bundles - 	Entry: C:\Users\User\.p2\pool\plugins\org.eclipse.m2e.maven.runtime_3.8.701.20230209-1606\jars\maven-shared-utils-3.3.4.jar
2023-06-01 21:17:20,455 [Worker-40: Launching mavenrun-2fd44f56-d33b-418b-9e36-2268a34a90e7] INFO  o.eclipse.m2e.core.internal.Bundles - 	Entry: C:\Users\User\.p2\pool\plugins\org.eclipse.m2e.maven.runtime_3.8.701.20230209-1606\jars\okhttp-3.14.1.jar
2023-06-01 21:17:20,455 [Worker-40: Launching mavenrun-2fd44f56-d33b-418b-9e36-2268a34a90e7] INFO  o.eclipse.m2e.core.internal.Bundles - 	Entry: C:\Users\User\.p2\pool\plugins\org.eclipse.m2e.maven.runtime_3.8.701.20230209-1606\jars\okio-1.17.3.jar
2023-06-01 21:17:20,455 [Worker-40: Launching mavenrun-2fd44f56-d33b-418b-9e36-2268a34a90e7] INFO  o.eclipse.m2e.core.internal.Bundles - 	Entry: C:\Users\User\.p2\pool\plugins\org.eclipse.m2e.maven.runtime_3.8.701.20230209-1606\jars\org.eclipse.sisu.inject-0.3.5.jar
2023-06-01 21:17:20,455 [Worker-40: Launching mavenrun-2fd44f56-d33b-418b-9e36-2268a34a90e7] INFO  o.eclipse.m2e.core.internal.Bundles - 	Entry: C:\Users\User\.p2\pool\plugins\org.eclipse.m2e.maven.runtime_3.8.701.20230209-1606\jars\org.eclipse.sisu.plexus-0.3.5.jar
2023-06-01 21:17:20,455 [Worker-40: Launching mavenrun-2fd44f56-d33b-418b-9e36-2268a34a90e7] INFO  o.eclipse.m2e.core.internal.Bundles - 	Entry: C:\Users\User\.p2\pool\plugins\org.eclipse.m2e.maven.runtime_3.8.701.20230209-1606\jars\plexus-build-api-0.0.7.jar
2023-06-01 21:17:20,455 [Worker-40: Launching mavenrun-2fd44f56-d33b-418b-9e36-2268a34a90e7] INFO  o.eclipse.m2e.core.internal.Bundles - 	Entry: C:\Users\User\.p2\pool\plugins\org.eclipse.m2e.maven.runtime_3.8.701.20230209-1606\jars\plexus-cipher-2.0.jar
2023-06-01 21:17:20,456 [Worker-40: Launching mavenrun-2fd44f56-d33b-418b-9e36-2268a34a90e7] INFO  o.eclipse.m2e.core.internal.Bundles - 	Entry: C:\Users\User\.p2\pool\plugins\org.eclipse.m2e.maven.runtime_3.8.701.20230209-1606\jars\plexus-classworlds-2.6.0.jar
2023-06-01 21:17:20,456 [Worker-40: Launching mavenrun-2fd44f56-d33b-418b-9e36-2268a34a90e7] INFO  o.eclipse.m2e.core.internal.Bundles - 	Entry: C:\Users\User\.p2\pool\plugins\org.eclipse.m2e.maven.runtime_3.8.701.20230209-1606\jars\plexus-component-annotations-2.1.0.jar
2023-06-01 21:17:20,456 [Worker-40: Launching mavenrun-2fd44f56-d33b-418b-9e36-2268a34a90e7] INFO  o.eclipse.m2e.core.internal.Bundles - 	Entry: C:\Users\User\.p2\pool\plugins\org.eclipse.m2e.maven.runtime_3.8.701.20230209-1606\jars\plexus-interpolation-1.26.jar
2023-06-01 21:17:20,456 [Worker-40: Launching mavenrun-2fd44f56-d33b-418b-9e36-2268a34a90e7] INFO  o.eclipse.m2e.core.internal.Bundles - 	Entry: C:\Users\User\.p2\pool\plugins\org.eclipse.m2e.maven.runtime_3.8.701.20230209-1606\jars\plexus-sec-dispatcher-2.0.jar
2023-06-01 21:17:20,456 [Worker-40: Launching mavenrun-2fd44f56-d33b-418b-9e36-2268a34a90e7] INFO  o.eclipse.m2e.core.internal.Bundles - 	Entry: C:\Users\User\.p2\pool\plugins\org.eclipse.m2e.maven.runtime_3.8.701.20230209-1606\jars\plexus-utils-3.3.1.jar
2023-06-01 21:17:20,456 [Worker-40: Launching mavenrun-2fd44f56-d33b-418b-9e36-2268a34a90e7] INFO  o.eclipse.m2e.core.internal.Bundles - 	Entry: C:\Users\User\.p2\pool\plugins\org.eclipse.m2e.maven.runtime_3.8.701.20230209-1606\jars\wagon-file-3.5.3.jar
2023-06-01 21:17:20,456 [Worker-40: Launching mavenrun-2fd44f56-d33b-418b-9e36-2268a34a90e7] INFO  o.eclipse.m2e.core.internal.Bundles - 	Entry: C:\Users\User\.p2\pool\plugins\org.eclipse.m2e.maven.runtime_3.8.701.20230209-1606\jars\wagon-provider-api-3.5.3.jar
2023-06-01 21:17:20,459 [Worker-40: Launching mavenrun-2fd44f56-d33b-418b-9e36-2268a34a90e7] INFO  o.eclipse.m2e.core.internal.Bundles - getClasspathEntries(Bundle=com.google.guava_31.1.0.jre [9])
2023-06-01 21:17:20,459 [Worker-40: Launching mavenrun-2fd44f56-d33b-418b-9e36-2268a34a90e7] INFO  o.eclipse.m2e.core.internal.Bundles - 	Entry: C:\Users\User\.p2\pool\plugins\com.google.guava_31.1.0.jre.jar
2023-06-01 21:17:20,459 [Worker-40: Launching mavenrun-2fd44f56-d33b-418b-9e36-2268a34a90e7] INFO  o.eclipse.m2e.core.internal.Bundles - getClasspathEntries(Bundle=slf4j.api_1.7.36 [439])
2023-06-01 21:17:20,460 [Worker-40: Launching mavenrun-2fd44f56-d33b-418b-9e36-2268a34a90e7] INFO  o.eclipse.m2e.core.internal.Bundles - 	Entry: C:\Users\User\.p2\pool\plugins\slf4j.api_1.7.36.jar
2023-06-01 21:17:20,460 [Worker-40: Launching mavenrun-2fd44f56-d33b-418b-9e36-2268a34a90e7] INFO  o.eclipse.m2e.core.internal.Bundles - getClasspathEntries(Bundle=javax.inject_1.0.0.v20220405-0441 [21])
2023-06-01 21:17:20,461 [Worker-40: Launching mavenrun-2fd44f56-d33b-418b-9e36-2268a34a90e7] INFO  o.eclipse.m2e.core.internal.Bundles - 	Entry: C:\Users\User\.p2\pool\plugins\javax.inject_1.0.0.v20220405-0441.jar
2023-06-01 21:17:20,461 [Worker-40: Launching mavenrun-2fd44f56-d33b-418b-9e36-2268a34a90e7] INFO  o.eclipse.m2e.core.internal.Bundles - getClasspathEntries(Bundle=javax.annotation_1.3.5.v20221203-1659 [19])
2023-06-01 21:17:20,462 [Worker-40: Launching mavenrun-2fd44f56-d33b-418b-9e36-2268a34a90e7] INFO  o.eclipse.m2e.core.internal.Bundles - 	Entry: C:\Users\User\.p2\pool\plugins\javax.annotation_1.3.5.v20221203-1659.jar
2023-06-01 21:17:20,462 [Worker-40: Launching mavenrun-2fd44f56-d33b-418b-9e36-2268a34a90e7] INFO  o.eclipse.m2e.core.internal.Bundles - getClasspathEntries(Bundle=org.apache.commons.cli_1.4.0.v20221112-0806 [41])
2023-06-01 21:17:20,462 [Worker-40: Launching mavenrun-2fd44f56-d33b-418b-9e36-2268a34a90e7] INFO  o.eclipse.m2e.core.internal.Bundles - 	Entry: C:\Users\User\.p2\pool\plugins\org.apache.commons.cli_1.4.0.v20221112-0806.jar
2023-06-01 21:17:20,463 [Worker-40: Launching mavenrun-2fd44f56-d33b-418b-9e36-2268a34a90e7] INFO  o.eclipse.m2e.core.internal.Bundles - getClasspathEntries(Bundle=com.google.guava.failureaccess_1.0.1 [11])
2023-06-01 21:17:20,463 [Worker-40: Launching mavenrun-2fd44f56-d33b-418b-9e36-2268a34a90e7] INFO  o.eclipse.m2e.core.internal.Bundles - 	Entry: C:\Users\User\.p2\pool\plugins\com.google.guava.failureaccess_1.0.1.jar
2023-06-01 21:17:20,472 [Worker-40: Launching mavenrun-2fd44f56-d33b-418b-9e36-2268a34a90e7] INFO  o.e.m.i.launch.MavenLaunchDelegate - Run build in "C:\Users\User\AppData\Local\Temp\m2e-archetypeGenerator10413196023667746124":
2023-06-01 21:17:20,476 [Worker-40: Launching mavenrun-2fd44f56-d33b-418b-9e36-2268a34a90e7] INFO  o.e.m.i.launch.MavenLaunchDelegate -  mvn  -DarchetypeGroupId=org.apache.maven.archetypes -DarchetypeArtifactId=maven-archetype-webapp -DarchetypeVersion=1.0 -DgroupId=com.wiley -DartifactId=yourcomany -Dversion=0.0.1-SNAPSHOT -Dpackage=com.wiley.yourcomany -DoutputDirectory=D:\Games\Work\WileyEdge\Codes\ExtraPractice\Spring -Dstyle.color=always -U archetype:generate
2023-06-01 21:20:00,052 [Worker-41: Launching mavenrun-367358a2-bc79-4f3e-9729-9940021c8103] INFO  o.e.m.i.launch.MavenLaunchDelegate - Run build in "C:\Users\User\AppData\Local\Temp\m2e-archetypeGenerator11360631025560532563":
2023-06-01 21:20:00,052 [Worker-41: Launching mavenrun-367358a2-bc79-4f3e-9729-9940021c8103] INFO  o.e.m.i.launch.MavenLaunchDelegate -  mvn  -DarchetypeGroupId=org.apache.maven.archetypes -DarchetypeArtifactId=maven-archetype-webapp -DarchetypeVersion=1.0 -DgroupId=com.wiley -DartifactId=ticketbookingapp -Dversion=0.0.1-SNAPSHOT -Dpackage=com.wiley.ticketbookingapp -DoutputDirectory=D:\Games\Work\WileyEdge\Codes\ExtraPractice\Spring -Dstyle.color=always -U archetype:generate
